android/app/build/intermediates/manifest_merge_blame_file/debug/manifest-merger-blame-debug-report.txt
1<?xml version="1.0" encoding="utf-8"?>
2<manifest xmlns:android="http://schemas.android.com/apk/res/android"
3    package="seva.App.v"
4    android:versionCode="1"
5    android:versionName="1.0" >
6
7    <uses-sdk
8        android:minSdkVersion="21"
9        android:targetSdkVersion="34" />
10
11    <uses-permission android:name="android.permission.INTERNET" />
11-->src\main\AndroidManifest.xml:3:5-67
11-->src\main\AndroidManifest.xml:3:22-64
12    <uses-permission android:name="android.permission.RECORD_AUDIO" />
12-->src\main\AndroidManifest.xml:4:5-71
12-->src\main\AndroidManifest.xml:4:22-68
13    <uses-permission android:name="android.permission.WAKE_LOCK" />
13-->[:react-native-firebase_auth] AndroidManifest.xml:8:5-68
13-->[:react-native-firebase_auth] AndroidManifest.xml:8:22-65
14    <uses-permission android:name="android.permission.ACCESS_NETWORK_STATE" />
14-->[:react-native-firebase_auth] AndroidManifest.xml:9:5-79
14-->[:react-native-firebase_auth] AndroidManifest.xml:9:22-76
15    <!--
16    This manifest file is used only by Gradle to configure debug-only capabilities
17    for React Native Apps.
18    -->
19    <uses-permission android:name="android.permission.SYSTEM_ALERT_WINDOW" />
19-->[com.facebook.react:react-android:0.73.1] AndroidManifest.xml:16:5-78
19-->[com.facebook.react:react-android:0.73.1] AndroidManifest.xml:16:22-75
20    <uses-permission android:name="android.permission.ACCESS_WIFI_STATE" />
20-->[com.facebook.flipper:flipper:0.201.0] AndroidManifest.xml:14:5-76
20-->[com.facebook.flipper:flipper:0.201.0] AndroidManifest.xml:14:22-73
21    <uses-permission android:name="android.permission.POST_NOTIFICATIONS" /> <!-- Required by older versions of Google Play services to create IID tokens -->
21-->[com.google.firebase:firebase-messaging:23.4.0] AndroidManifest.xml:23:5-77
21-->[com.google.firebase:firebase-messaging:23.4.0] AndroidManifest.xml:23:22-74
22    <uses-permission android:name="com.google.android.c2dm.permission.RECEIVE" />
22-->[com.google.firebase:firebase-messaging:23.4.0] AndroidManifest.xml:26:5-82
22-->[com.google.firebase:firebase-messaging:23.4.0] AndroidManifest.xml:26:22-79
23    <uses-permission android:name="com.google.android.providers.gsf.permission.READ_GSERVICES" />
23-->[com.google.android.recaptcha:recaptcha:18.4.0] AndroidManifest.xml:9:5-98
23-->[com.google.android.recaptcha:recaptcha:18.4.0] AndroidManifest.xml:9:22-95
24
25    <permission
25-->[androidx.core:core:1.9.0] AndroidManifest.xml:22:5-24:47
26        android:name="seva.App.v.DYNAMIC_RECEIVER_NOT_EXPORTED_PERMISSION"
26-->[androidx.core:core:1.9.0] AndroidManifest.xml:23:9-81
27        android:protectionLevel="signature" />
27-->[androidx.core:core:1.9.0] AndroidManifest.xml:24:9-44
28
29    <uses-permission android:name="seva.App.v.DYNAMIC_RECEIVER_NOT_EXPORTED_PERMISSION" />
29-->[androidx.core:core:1.9.0] AndroidManifest.xml:26:5-97
29-->[androidx.core:core:1.9.0] AndroidManifest.xml:26:22-94
30
31    <application
31-->src\main\AndroidManifest.xml:6:5-25:19
32        android:name="com.sodeapp.MainApplication"
32-->src\main\AndroidManifest.xml:7:7-38
33        android:allowBackup="false"
33-->src\main\AndroidManifest.xml:11:7-34
34        android:appComponentFactory="androidx.core.app.CoreComponentFactory"
34-->[androidx.core:core:1.9.0] AndroidManifest.xml:28:18-86
35        android:debuggable="true"
36        android:extractNativeLibs="true"
37        android:icon="@mipmap/ic_launcher"
37-->src\main\AndroidManifest.xml:9:7-41
38        android:label="@string/app_name"
38-->src\main\AndroidManifest.xml:8:7-39
39        android:roundIcon="@mipmap/ic_launcher_round"
39-->src\main\AndroidManifest.xml:10:7-52
40        android:theme="@style/AppTheme"
40-->src\main\AndroidManifest.xml:12:7-38
41        android:usesCleartextTraffic="true" >
41-->src\debug\AndroidManifest.xml:6:9-44
42        <activity
42-->src\main\AndroidManifest.xml:13:7-24:18
43            android:name="com.sodeapp.MainActivity"
43-->src\main\AndroidManifest.xml:14:9-37
44            android:configChanges="keyboard|keyboardHidden|orientation|screenLayout|screenSize|smallestScreenSize|uiMode"
44-->src\main\AndroidManifest.xml:16:9-118
45            android:exported="true"
45-->src\main\AndroidManifest.xml:19:9-32
46            android:label="@string/app_name"
46-->src\main\AndroidManifest.xml:15:9-41
47            android:launchMode="singleTask"
47-->src\main\AndroidManifest.xml:17:9-40
48            android:windowSoftInputMode="adjustResize" >
48-->src\main\AndroidManifest.xml:18:9-51
49            <intent-filter>
49-->src\main\AndroidManifest.xml:20:9-23:25
50                <action android:name="android.intent.action.MAIN" />
50-->src\main\AndroidManifest.xml:21:13-65
50-->src\main\AndroidManifest.xml:21:21-62
51
52                <category android:name="android.intent.category.LAUNCHER" />
52-->src\main\AndroidManifest.xml:22:13-73
52-->src\main\AndroidManifest.xml:22:23-70
53            </intent-filter>
54        </activity>
55
56        <service
56-->[:react-native-firebase_messaging] AndroidManifest.xml:12:9-14:40
57            android:name="io.invertase.firebase.messaging.ReactNativeFirebaseMessagingHeadlessService"
57-->[:react-native-firebase_messaging] AndroidManifest.xml:13:13-103
58            android:exported="false" />
58-->[:react-native-firebase_messaging] AndroidManifest.xml:14:13-37
59        <service
59-->[:react-native-firebase_messaging] AndroidManifest.xml:15:9-21:19
60            android:name="io.invertase.firebase.messaging.ReactNativeFirebaseMessagingService"
60-->[:react-native-firebase_messaging] AndroidManifest.xml:16:13-95
61            android:exported="false" >
61-->[:react-native-firebase_messaging] AndroidManifest.xml:17:13-37
62            <intent-filter>
62-->[:react-native-firebase_messaging] AndroidManifest.xml:18:13-20:29
63                <action android:name="com.google.firebase.MESSAGING_EVENT" />
63-->[:react-native-firebase_messaging] AndroidManifest.xml:19:17-78
63-->[:react-native-firebase_messaging] AndroidManifest.xml:19:25-75
64            </intent-filter>
65        </service>
66
67        <receiver
67-->[:react-native-firebase_messaging] AndroidManifest.xml:23:9-30:20
68            android:name="io.invertase.firebase.messaging.ReactNativeFirebaseMessagingReceiver"
68-->[:react-native-firebase_messaging] AndroidManifest.xml:24:13-96
69            android:exported="true"
69-->[:react-native-firebase_messaging] AndroidManifest.xml:25:13-36
70            android:permission="com.google.android.c2dm.permission.SEND" >
70-->[:react-native-firebase_messaging] AndroidManifest.xml:26:13-73
71            <intent-filter>
71-->[:react-native-firebase_messaging] AndroidManifest.xml:27:13-29:29
72                <action android:name="com.google.android.c2dm.intent.RECEIVE" />
72-->[:react-native-firebase_messaging] AndroidManifest.xml:28:17-81
72-->[:react-native-firebase_messaging] AndroidManifest.xml:28:25-78
73            </intent-filter>
74        </receiver>
75
76        <meta-data
76-->[:react-native-firebase_messaging] AndroidManifest.xml:32:9-34:36
77            android:name="firebase_messaging_auto_init_enabled"
77-->[:react-native-firebase_messaging] AndroidManifest.xml:33:13-64
78            android:value="true" />
78-->[:react-native-firebase_messaging] AndroidManifest.xml:34:13-33
79        <meta-data
79-->[:react-native-firebase_messaging] AndroidManifest.xml:35:9-37:32
80            android:name="com.google.firebase.messaging.default_notification_channel_id"
80-->[:react-native-firebase_messaging] AndroidManifest.xml:36:13-89
81            android:value="" />
81-->[:react-native-firebase_messaging] AndroidManifest.xml:37:13-29
82        <meta-data
82-->[:react-native-firebase_messaging] AndroidManifest.xml:38:9-40:47
83            android:name="com.google.firebase.messaging.default_notification_color"
83-->[:react-native-firebase_messaging] AndroidManifest.xml:39:13-84
84            android:resource="@color/white" />
84-->[:react-native-firebase_messaging] AndroidManifest.xml:40:13-44
85        <meta-data
85-->[:react-native-firebase_app] AndroidManifest.xml:9:9-11:36
86            android:name="app_data_collection_default_enabled"
86-->[:react-native-firebase_app] AndroidManifest.xml:10:13-63
87            android:value="true" />
87-->[:react-native-firebase_app] AndroidManifest.xml:11:13-33
88
89        <service
89-->[:react-native-firebase_app] AndroidManifest.xml:13:9-21:19
90            android:name="com.google.firebase.components.ComponentDiscoveryService"
90-->[:react-native-firebase_app] AndroidManifest.xml:14:13-84
91            android:directBootAware="true"
91-->[:react-native-firebase_app] AndroidManifest.xml:15:13-43
92            android:exported="false" >
92-->[:react-native-firebase_app] AndroidManifest.xml:16:13-37
93            <meta-data
93-->[:react-native-firebase_app] AndroidManifest.xml:18:13-20:85
94                android:name="com.google.firebase.components:io.invertase.firebase.app.ReactNativeFirebaseAppRegistrar"
94-->[:react-native-firebase_app] AndroidManifest.xml:19:17-120
95                android:value="com.google.firebase.components.ComponentRegistrar" />
95-->[:react-native-firebase_app] AndroidManifest.xml:20:17-82
96            <meta-data
96-->[com.google.firebase:firebase-auth:22.3.1] AndroidManifest.xml:69:13-71:85
97                android:name="com.google.firebase.components:com.google.firebase.auth.FirebaseAuthRegistrar"
97-->[com.google.firebase:firebase-auth:22.3.1] AndroidManifest.xml:70:17-109
98                android:value="com.google.firebase.components.ComponentRegistrar" />
98-->[com.google.firebase:firebase-auth:22.3.1] AndroidManifest.xml:71:17-82
99            <meta-data
99-->[com.google.firebase:firebase-messaging:23.4.0] AndroidManifest.xml:57:13-59:85
100                android:name="com.google.firebase.components:com.google.firebase.messaging.FirebaseMessagingKtxRegistrar"
100-->[com.google.firebase:firebase-messaging:23.4.0] AndroidManifest.xml:58:17-122
101                android:value="com.google.firebase.components.ComponentRegistrar" />
101-->[com.google.firebase:firebase-messaging:23.4.0] AndroidManifest.xml:59:17-82
102            <meta-data
102-->[com.google.firebase:firebase-messaging:23.4.0] AndroidManifest.xml:60:13-62:85
103                android:name="com.google.firebase.components:com.google.firebase.messaging.FirebaseMessagingRegistrar"
103-->[com.google.firebase:firebase-messaging:23.4.0] AndroidManifest.xml:61:17-119
104                android:value="com.google.firebase.components.ComponentRegistrar" />
104-->[com.google.firebase:firebase-messaging:23.4.0] AndroidManifest.xml:62:17-82
105            <meta-data
105-->[com.google.firebase:firebase-installations:17.2.0] AndroidManifest.xml:15:13-17:85
106                android:name="com.google.firebase.components:com.google.firebase.installations.FirebaseInstallationsKtxRegistrar"
106-->[com.google.firebase:firebase-installations:17.2.0] AndroidManifest.xml:16:17-130
107                android:value="com.google.firebase.components.ComponentRegistrar" />
107-->[com.google.firebase:firebase-installations:17.2.0] AndroidManifest.xml:17:17-82
108            <meta-data
108-->[com.google.firebase:firebase-installations:17.2.0] AndroidManifest.xml:18:13-20:85
109                android:name="com.google.firebase.components:com.google.firebase.installations.FirebaseInstallationsRegistrar"
109-->[com.google.firebase:firebase-installations:17.2.0] AndroidManifest.xml:19:17-127
110                android:value="com.google.firebase.components.ComponentRegistrar" />
110-->[com.google.firebase:firebase-installations:17.2.0] AndroidManifest.xml:20:17-82
111            <meta-data
111-->[com.google.firebase:firebase-common-ktx:20.4.2] AndroidManifest.xml:12:13-14:85
112                android:name="com.google.firebase.components:com.google.firebase.ktx.FirebaseCommonLegacyRegistrar"
112-->[com.google.firebase:firebase-common-ktx:20.4.2] AndroidManifest.xml:13:17-116
113                android:value="com.google.firebase.components.ComponentRegistrar" />
113-->[com.google.firebase:firebase-common-ktx:20.4.2] AndroidManifest.xml:14:17-82
114            <meta-data
114-->[com.google.firebase:firebase-common:20.4.2] AndroidManifest.xml:35:13-37:85
115                android:name="com.google.firebase.components:com.google.firebase.FirebaseCommonKtxRegistrar"
115-->[com.google.firebase:firebase-common:20.4.2] AndroidManifest.xml:36:17-109
116                android:value="com.google.firebase.components.ComponentRegistrar" />
116-->[com.google.firebase:firebase-common:20.4.2] AndroidManifest.xml:37:17-82
117            <meta-data
117-->[com.google.firebase:firebase-datatransport:18.1.7] AndroidManifest.xml:27:13-29:85
118                android:name="com.google.firebase.components:com.google.firebase.datatransport.TransportRegistrar"
118-->[com.google.firebase:firebase-datatransport:18.1.7] AndroidManifest.xml:28:17-115
119                android:value="com.google.firebase.components.ComponentRegistrar" />
119-->[com.google.firebase:firebase-datatransport:18.1.7] AndroidManifest.xml:29:17-82
120        </service>
121
122        <provider
122-->[:react-native-firebase_app] AndroidManifest.xml:23:9-27:38
123            android:name="io.invertase.firebase.app.ReactNativeFirebaseAppInitProvider"
123-->[:react-native-firebase_app] AndroidManifest.xml:24:13-88
124            android:authorities="seva.App.v.reactnativefirebaseappinitprovider"
124-->[:react-native-firebase_app] AndroidManifest.xml:25:13-86
125            android:exported="false"
125-->[:react-native-firebase_app] AndroidManifest.xml:26:13-37
126            android:initOrder="99" />
126-->[:react-native-firebase_app] AndroidManifest.xml:27:13-35
127        <provider
127-->[:react-native-image-picker] AndroidManifest.xml:8:9-16:20
128            android:name="com.imagepicker.ImagePickerProvider"
128-->[:react-native-image-picker] AndroidManifest.xml:9:13-63
129            android:authorities="seva.App.v.imagepickerprovider"
129-->[:react-native-image-picker] AndroidManifest.xml:10:13-71
130            android:exported="false"
130-->[:react-native-image-picker] AndroidManifest.xml:11:13-37
131            android:grantUriPermissions="true" >
131-->[:react-native-image-picker] AndroidManifest.xml:12:13-47
132            <meta-data
132-->[:react-native-image-picker] AndroidManifest.xml:13:13-15:70
133                android:name="android.support.FILE_PROVIDER_PATHS"
133-->[:react-native-image-picker] AndroidManifest.xml:14:17-67
134                android:resource="@xml/imagepicker_provider_paths" />
134-->[:react-native-image-picker] AndroidManifest.xml:15:17-67
135        </provider>
136
137        <activity
137-->[com.facebook.react:react-android:0.73.1] AndroidManifest.xml:19:9-21:40
138            android:name="com.facebook.react.devsupport.DevSettingsActivity"
138-->[com.facebook.react:react-android:0.73.1] AndroidManifest.xml:20:13-77
139            android:exported="false" />
139-->[com.facebook.react:react-android:0.73.1] AndroidManifest.xml:21:13-37
140        <activity
140-->[com.google.firebase:firebase-auth:22.3.1] AndroidManifest.xml:29:9-46:20
141            android:name="com.google.firebase.auth.internal.GenericIdpActivity"
141-->[com.google.firebase:firebase-auth:22.3.1] AndroidManifest.xml:30:13-80
142            android:excludeFromRecents="true"
142-->[com.google.firebase:firebase-auth:22.3.1] AndroidManifest.xml:31:13-46
143            android:exported="true"
143-->[com.google.firebase:firebase-auth:22.3.1] AndroidManifest.xml:32:13-36
144            android:launchMode="singleTask"
144-->[com.google.firebase:firebase-auth:22.3.1] AndroidManifest.xml:33:13-44
145            android:theme="@android:style/Theme.Translucent.NoTitleBar" >
145-->[com.google.firebase:firebase-auth:22.3.1] AndroidManifest.xml:34:13-72
146            <intent-filter>
146-->[com.google.firebase:firebase-auth:22.3.1] AndroidManifest.xml:35:13-45:29
147                <action android:name="android.intent.action.VIEW" />
147-->[com.google.firebase:firebase-auth:22.3.1] AndroidManifest.xml:36:17-69
147-->[com.google.firebase:firebase-auth:22.3.1] AndroidManifest.xml:36:25-66
148
149                <category android:name="android.intent.category.DEFAULT" />
149-->[com.google.firebase:firebase-auth:22.3.1] AndroidManifest.xml:38:17-76
149-->[com.google.firebase:firebase-auth:22.3.1] AndroidManifest.xml:38:27-73
150                <category android:name="android.intent.category.BROWSABLE" />
150-->[com.google.firebase:firebase-auth:22.3.1] AndroidManifest.xml:39:17-78
150-->[com.google.firebase:firebase-auth:22.3.1] AndroidManifest.xml:39:27-75
151
152                <data
152-->[com.google.firebase:firebase-auth:22.3.1] AndroidManifest.xml:41:17-44:51
153                    android:host="firebase.auth"
153-->[com.google.firebase:firebase-auth:22.3.1] AndroidManifest.xml:42:21-49
154                    android:path="/"
154-->[com.google.firebase:firebase-auth:22.3.1] AndroidManifest.xml:43:21-37
155                    android:scheme="genericidp" />
155-->[com.google.firebase:firebase-auth:22.3.1] AndroidManifest.xml:44:21-48
156            </intent-filter>
157        </activity>
158        <activity
158-->[com.google.firebase:firebase-auth:22.3.1] AndroidManifest.xml:47:9-64:20
159            android:name="com.google.firebase.auth.internal.RecaptchaActivity"
159-->[com.google.firebase:firebase-auth:22.3.1] AndroidManifest.xml:48:13-79
160            android:excludeFromRecents="true"
160-->[com.google.firebase:firebase-auth:22.3.1] AndroidManifest.xml:49:13-46
161            android:exported="true"
161-->[com.google.firebase:firebase-auth:22.3.1] AndroidManifest.xml:50:13-36
162            android:launchMode="singleTask"
162-->[com.google.firebase:firebase-auth:22.3.1] AndroidManifest.xml:51:13-44
163            android:theme="@android:style/Theme.Translucent.NoTitleBar" >
163-->[com.google.firebase:firebase-auth:22.3.1] AndroidManifest.xml:52:13-72
164            <intent-filter>
164-->[com.google.firebase:firebase-auth:22.3.1] AndroidManifest.xml:53:13-63:29
165                <action android:name="android.intent.action.VIEW" />
165-->[com.google.firebase:firebase-auth:22.3.1] AndroidManifest.xml:36:17-69
165-->[com.google.firebase:firebase-auth:22.3.1] AndroidManifest.xml:36:25-66
166
167                <category android:name="android.intent.category.DEFAULT" />
167-->[com.google.firebase:firebase-auth:22.3.1] AndroidManifest.xml:38:17-76
167-->[com.google.firebase:firebase-auth:22.3.1] AndroidManifest.xml:38:27-73
168                <category android:name="android.intent.category.BROWSABLE" />
168-->[com.google.firebase:firebase-auth:22.3.1] AndroidManifest.xml:39:17-78
168-->[com.google.firebase:firebase-auth:22.3.1] AndroidManifest.xml:39:27-75
169
170                <data
170-->[com.google.firebase:firebase-auth:22.3.1] AndroidManifest.xml:41:17-44:51
171                    android:host="firebase.auth"
171-->[com.google.firebase:firebase-auth:22.3.1] AndroidManifest.xml:42:21-49
172                    android:path="/"
172-->[com.google.firebase:firebase-auth:22.3.1] AndroidManifest.xml:43:21-37
173                    android:scheme="recaptcha" />
173-->[com.google.firebase:firebase-auth:22.3.1] AndroidManifest.xml:44:21-48
174            </intent-filter>
175        </activity>
176
177        <receiver
177-->[com.google.firebase:firebase-messaging:23.4.0] AndroidManifest.xml:29:9-40:20
178            android:name="com.google.firebase.iid.FirebaseInstanceIdReceiver"
178-->[com.google.firebase:firebase-messaging:23.4.0] AndroidManifest.xml:30:13-78
179            android:exported="true"
179-->[com.google.firebase:firebase-messaging:23.4.0] AndroidManifest.xml:31:13-36
180            android:permission="com.google.android.c2dm.permission.SEND" >
180-->[com.google.firebase:firebase-messaging:23.4.0] AndroidManifest.xml:32:13-73
181            <intent-filter>
181-->[:react-native-firebase_messaging] AndroidManifest.xml:27:13-29:29
182                <action android:name="com.google.android.c2dm.intent.RECEIVE" />
182-->[:react-native-firebase_messaging] AndroidManifest.xml:28:17-81
182-->[:react-native-firebase_messaging] AndroidManifest.xml:28:25-78
183            </intent-filter>
184
185            <meta-data
185-->[com.google.firebase:firebase-messaging:23.4.0] AndroidManifest.xml:37:13-39:40
186                android:name="com.google.android.gms.cloudmessaging.FINISHED_AFTER_HANDLED"
186-->[com.google.firebase:firebase-messaging:23.4.0] AndroidManifest.xml:38:17-92
187                android:value="true" />
187-->[com.google.firebase:firebase-messaging:23.4.0] AndroidManifest.xml:39:17-37
188        </receiver>
189        <!--
190             FirebaseMessagingService performs security checks at runtime,
191             but set to not exported to explicitly avoid allowing another app to call it.
192        -->
193        <service
193-->[com.google.firebase:firebase-messaging:23.4.0] AndroidManifest.xml:46:9-53:19
194            android:name="com.google.firebase.messaging.FirebaseMessagingService"
194-->[com.google.firebase:firebase-messaging:23.4.0] AndroidManifest.xml:47:13-82
195            android:directBootAware="true"
195-->[com.google.firebase:firebase-messaging:23.4.0] AndroidManifest.xml:48:13-43
196            android:exported="false" >
196-->[com.google.firebase:firebase-messaging:23.4.0] AndroidManifest.xml:49:13-37
197            <intent-filter android:priority="-500" >
197-->[:react-native-firebase_messaging] AndroidManifest.xml:18:13-20:29
198                <action android:name="com.google.firebase.MESSAGING_EVENT" />
198-->[:react-native-firebase_messaging] AndroidManifest.xml:19:17-78
198-->[:react-native-firebase_messaging] AndroidManifest.xml:19:25-75
199            </intent-filter>
200        </service>
201
202        <activity
202-->[com.google.android.gms:play-services-auth:20.7.0] AndroidManifest.xml:23:9-27:75
203            android:name="com.google.android.gms.auth.api.signin.internal.SignInHubActivity"
203-->[com.google.android.gms:play-services-auth:20.7.0] AndroidManifest.xml:24:13-93
204            android:excludeFromRecents="true"
204-->[com.google.android.gms:play-services-auth:20.7.0] AndroidManifest.xml:25:13-46
205            android:exported="false"
205-->[com.google.android.gms:play-services-auth:20.7.0] AndroidManifest.xml:26:13-37
206            android:theme="@android:style/Theme.Translucent.NoTitleBar" />
206-->[com.google.android.gms:play-services-auth:20.7.0] AndroidManifest.xml:27:13-72
207        <!--
208            Service handling Google Sign-In user revocation. For apps that do not integrate with
209            Google Sign-In, this service will never be started.
210        -->
211        <service
211-->[com.google.android.gms:play-services-auth:20.7.0] AndroidManifest.xml:33:9-37:51
212            android:name="com.google.android.gms.auth.api.signin.RevocationBoundService"
212-->[com.google.android.gms:play-services-auth:20.7.0] AndroidManifest.xml:34:13-89
213            android:exported="true"
213-->[com.google.android.gms:play-services-auth:20.7.0] AndroidManifest.xml:35:13-36
214            android:permission="com.google.android.gms.auth.api.signin.permission.REVOCATION_NOTIFICATION"
214-->[com.google.android.gms:play-services-auth:20.7.0] AndroidManifest.xml:36:13-107
215            android:visibleToInstantApps="true" />
215-->[com.google.android.gms:play-services-auth:20.7.0] AndroidManifest.xml:37:13-48
216
217        <activity
217-->[com.google.android.gms:play-services-base:18.0.1] AndroidManifest.xml:20:9-22:45
218            android:name="com.google.android.gms.common.api.GoogleApiActivity"
218-->[com.google.android.gms:play-services-base:18.0.1] AndroidManifest.xml:20:19-85
219            android:exported="false"
219-->[com.google.android.gms:play-services-base:18.0.1] AndroidManifest.xml:22:19-43
220            android:theme="@android:style/Theme.Translucent.NoTitleBar" />
220-->[com.google.android.gms:play-services-base:18.0.1] AndroidManifest.xml:21:19-78
221
222        <provider
222-->[com.google.firebase:firebase-common:20.4.2] AndroidManifest.xml:23:9-28:39
223            android:name="com.google.firebase.provider.FirebaseInitProvider"
223-->[com.google.firebase:firebase-common:20.4.2] AndroidManifest.xml:24:13-77
224            android:authorities="seva.App.v.firebaseinitprovider"
224-->[com.google.firebase:firebase-common:20.4.2] AndroidManifest.xml:25:13-72
225            android:directBootAware="true"
225-->[com.google.firebase:firebase-common:20.4.2] AndroidManifest.xml:26:13-43
226            android:exported="false"
226-->[com.google.firebase:firebase-common:20.4.2] AndroidManifest.xml:27:13-37
227            android:initOrder="100" />
227-->[com.google.firebase:firebase-common:20.4.2] AndroidManifest.xml:28:13-36
228
229        <meta-data
229-->[com.google.android.gms:play-services-basement:18.2.0] AndroidManifest.xml:21:9-23:69
230            android:name="com.google.android.gms.version"
230-->[com.google.android.gms:play-services-basement:18.2.0] AndroidManifest.xml:22:13-58
231            android:value="@integer/google_play_services_version" />
231-->[com.google.android.gms:play-services-basement:18.2.0] AndroidManifest.xml:23:13-66
232
233        <provider
233-->[androidx.emoji2:emoji2:1.2.0] AndroidManifest.xml:24:9-32:20
234            android:name="androidx.startup.InitializationProvider"
234-->[androidx.emoji2:emoji2:1.2.0] AndroidManifest.xml:25:13-67
235            android:authorities="seva.App.v.androidx-startup"
235-->[androidx.emoji2:emoji2:1.2.0] AndroidManifest.xml:26:13-68
236            android:exported="false" >
236-->[androidx.emoji2:emoji2:1.2.0] AndroidManifest.xml:27:13-37
237            <meta-data
237-->[androidx.emoji2:emoji2:1.2.0] AndroidManifest.xml:29:13-31:52
238                android:name="androidx.emoji2.text.EmojiCompatInitializer"
238-->[androidx.emoji2:emoji2:1.2.0] AndroidManifest.xml:30:17-75
239                android:value="androidx.startup" />
239-->[androidx.emoji2:emoji2:1.2.0] AndroidManifest.xml:31:17-49
240            <meta-data
240-->[androidx.lifecycle:lifecycle-process:2.4.1] AndroidManifest.xml:31:13-33:52
241                android:name="androidx.lifecycle.ProcessLifecycleInitializer"
241-->[androidx.lifecycle:lifecycle-process:2.4.1] AndroidManifest.xml:32:17-78
242                android:value="androidx.startup" />
242-->[androidx.lifecycle:lifecycle-process:2.4.1] AndroidManifest.xml:33:17-49
243        </provider>
244
245        <service
245-->[com.google.android.datatransport:transport-backend-cct:3.1.8] AndroidManifest.xml:28:9-34:19
246            android:name="com.google.android.datatransport.runtime.backends.TransportBackendDiscovery"
246-->[com.google.android.datatransport:transport-backend-cct:3.1.8] AndroidManifest.xml:29:13-103
247            android:exported="false" >
247-->[com.google.android.datatransport:transport-backend-cct:3.1.8] AndroidManifest.xml:30:13-37
248            <meta-data
248-->[com.google.android.datatransport:transport-backend-cct:3.1.8] AndroidManifest.xml:31:13-33:39
249                android:name="backend:com.google.android.datatransport.cct.CctBackendFactory"
249-->[com.google.android.datatransport:transport-backend-cct:3.1.8] AndroidManifest.xml:32:17-94
250                android:value="cct" />
250-->[com.google.android.datatransport:transport-backend-cct:3.1.8] AndroidManifest.xml:33:17-36
251        </service>
252        <service
252-->[com.google.android.datatransport:transport-runtime:3.1.8] AndroidManifest.xml:26:9-30:19
253            android:name="com.google.android.datatransport.runtime.scheduling.jobscheduling.JobInfoSchedulerService"
253-->[com.google.android.datatransport:transport-runtime:3.1.8] AndroidManifest.xml:27:13-117
254            android:exported="false"
254-->[com.google.android.datatransport:transport-runtime:3.1.8] AndroidManifest.xml:28:13-37
255            android:permission="android.permission.BIND_JOB_SERVICE" >
255-->[com.google.android.datatransport:transport-runtime:3.1.8] AndroidManifest.xml:29:13-69
256        </service>
257
258        <receiver
258-->[com.google.android.datatransport:transport-runtime:3.1.8] AndroidManifest.xml:32:9-34:40
259            android:name="com.google.android.datatransport.runtime.scheduling.jobscheduling.AlarmManagerSchedulerBroadcastReceiver"
259-->[com.google.android.datatransport:transport-runtime:3.1.8] AndroidManifest.xml:33:13-132
260            android:exported="false" />
260-->[com.google.android.datatransport:transport-runtime:3.1.8] AndroidManifest.xml:34:13-37
261
262        <meta-data
262-->[com.facebook.soloader:soloader:0.10.5] AndroidManifest.xml:12:9-14:37
263            android:name="com.facebook.soloader.enabled"
263-->[com.facebook.soloader:soloader:0.10.5] AndroidManifest.xml:13:13-57
264            android:value="false" />
264-->[com.facebook.soloader:soloader:0.10.5] AndroidManifest.xml:14:13-34
265    </application>
266
267</manifest>